\BOOKMARK [0][-]{chapter.1}{\376\377\0001\000\040\000C\000l\000a\000s\000s\000\040\000I\000n\000d\000e\000x}{}% 1
\BOOKMARK [1][-]{section.1.1}{\376\377\0001\000.\0001\000\040\000C\000l\000a\000s\000s\000\040\000L\000i\000s\000t}{chapter.1}% 2
\BOOKMARK [0][-]{chapter.2}{\376\377\0002\000\040\000F\000i\000l\000e\000\040\000I\000n\000d\000e\000x}{}% 3
\BOOKMARK [1][-]{section.2.1}{\376\377\0002\000.\0001\000\040\000F\000i\000l\000e\000\040\000L\000i\000s\000t}{chapter.2}% 4
\BOOKMARK [0][-]{chapter.3}{\376\377\0003\000\040\000C\000l\000a\000s\000s\000\040\000D\000o\000c\000u\000m\000e\000n\000t\000a\000t\000i\000o\000n}{}% 5
\BOOKMARK [1][-]{section.3.1}{\376\377\0003\000.\0001\000\040\000c\000o\000d\000e\000\040\000S\000t\000r\000u\000c\000t\000\040\000R\000e\000f\000e\000r\000e\000n\000c\000e}{chapter.3}% 6
\BOOKMARK [2][-]{subsection.3.1.1}{\376\377\0003\000.\0001\000.\0001\000\040\000D\000e\000t\000a\000i\000l\000e\000d\000\040\000D\000e\000s\000c\000r\000i\000p\000t\000i\000o\000n}{section.3.1}% 7
\BOOKMARK [2][-]{subsection.3.1.2}{\376\377\0003\000.\0001\000.\0002\000\040\000M\000e\000m\000b\000e\000r\000\040\000D\000a\000t\000a\000\040\000D\000o\000c\000u\000m\000e\000n\000t\000a\000t\000i\000o\000n}{section.3.1}% 8
\BOOKMARK [3][-]{subsubsection.3.1.2.1}{\376\377\0003\000.\0001\000.\0002\000.\0001\000\040\000d}{subsection.3.1.2}% 9
\BOOKMARK [3][-]{subsubsection.3.1.2.2}{\376\377\0003\000.\0001\000.\0002\000.\0002\000\040\000k}{subsection.3.1.2}% 10
\BOOKMARK [3][-]{subsubsection.3.1.2.3}{\376\377\0003\000.\0001\000.\0002\000.\0003\000\040\000n}{subsection.3.1.2}% 11
\BOOKMARK [1][-]{section.3.2}{\376\377\0003\000.\0002\000\040\000P\000a\000r\000a\000m\000s\000\040\000S\000t\000r\000u\000c\000t\000\040\000R\000e\000f\000e\000r\000e\000n\000c\000e}{chapter.3}% 12
\BOOKMARK [2][-]{subsection.3.2.1}{\376\377\0003\000.\0002\000.\0001\000\040\000D\000e\000t\000a\000i\000l\000e\000d\000\040\000D\000e\000s\000c\000r\000i\000p\000t\000i\000o\000n}{section.3.2}% 13
\BOOKMARK [2][-]{subsection.3.2.2}{\376\377\0003\000.\0002\000.\0002\000\040\000M\000e\000m\000b\000e\000r\000\040\000D\000a\000t\000a\000\040\000D\000o\000c\000u\000m\000e\000n\000t\000a\000t\000i\000o\000n}{section.3.2}% 14
\BOOKMARK [3][-]{subsubsection.3.2.2.1}{\376\377\0003\000.\0002\000.\0002\000.\0001\000\040\000d}{subsection.3.2.2}% 15
\BOOKMARK [3][-]{subsubsection.3.2.2.2}{\376\377\0003\000.\0002\000.\0002\000.\0002\000\040\000k}{subsection.3.2.2}% 16
\BOOKMARK [3][-]{subsubsection.3.2.2.3}{\376\377\0003\000.\0002\000.\0002\000.\0003\000\040\000n}{subsection.3.2.2}% 17
\BOOKMARK [0][-]{chapter.4}{\376\377\0004\000\040\000F\000i\000l\000e\000\040\000D\000o\000c\000u\000m\000e\000n\000t\000a\000t\000i\000o\000n}{}% 18
\BOOKMARK [1][-]{section.4.1}{\376\377\0004\000.\0001\000\040\000s\000i\000g\000n\000a\000t\000u\000r\000e\000-\000s\000c\000h\000e\000m\000e\000/\000i\000n\000c\000l\000u\000d\000e\000/\000c\000o\000n\000s\000t\000a\000n\000t\000s\000.\000h\000\040\000F\000i\000l\000e\000\040\000R\000e\000f\000e\000r\000e\000n\000c\000e}{chapter.4}% 19
\BOOKMARK [2][-]{subsection.4.1.1}{\376\377\0004\000.\0001\000.\0001\000\040\000D\000e\000t\000a\000i\000l\000e\000d\000\040\000D\000e\000s\000c\000r\000i\000p\000t\000i\000o\000n}{section.4.1}% 20
\BOOKMARK [2][-]{subsection.4.1.2}{\376\377\0004\000.\0001\000.\0002\000\040\000M\000a\000c\000r\000o\000\040\000D\000e\000f\000i\000n\000i\000t\000i\000o\000n\000\040\000D\000o\000c\000u\000m\000e\000n\000t\000a\000t\000i\000o\000n}{section.4.1}% 21
\BOOKMARK [3][-]{subsubsection.4.1.2.1}{\376\377\0004\000.\0001\000.\0002\000.\0001\000\040\000C\000A\000C\000H\000E\000\137\000D\000I\000R}{subsection.4.1.2}% 22
\BOOKMARK [3][-]{subsubsection.4.1.2.2}{\376\377\0004\000.\0001\000.\0002\000.\0002\000\040\000M\000A\000X\000\137\000F\000I\000L\000E\000N\000A\000M\000E\000\137\000L\000E\000N\000G\000T\000H}{subsection.4.1.2}% 23
\BOOKMARK [3][-]{subsubsection.4.1.2.3}{\376\377\0004\000.\0001\000.\0002\000.\0003\000\040\000M\000O\000D}{subsection.4.1.2}% 24
\BOOKMARK [3][-]{subsubsection.4.1.2.4}{\376\377\0004\000.\0001\000.\0002\000.\0004\000\040\000O\000U\000T\000P\000U\000T\000\137\000D\000I\000R}{subsection.4.1.2}% 25
\BOOKMARK [3][-]{subsubsection.4.1.2.5}{\376\377\0004\000.\0001\000.\0002\000.\0005\000\040\000O\000U\000T\000P\000U\000T\000\137\000P\000A\000T\000H}{subsection.4.1.2}% 26
\BOOKMARK [3][-]{subsubsection.4.1.2.6}{\376\377\0004\000.\0001\000.\0002\000.\0006\000\040\000P\000A\000R\000A\000M\000\137\000P\000A\000T\000H}{subsection.4.1.2}% 27
\BOOKMARK [3][-]{subsubsection.4.1.2.7}{\376\377\0004\000.\0001\000.\0002\000.\0007\000\040\000P\000R\000I\000N\000T}{subsection.4.1.2}% 28
\BOOKMARK [3][-]{subsubsection.4.1.2.8}{\376\377\0004\000.\0001\000.\0002\000.\0008\000\040\000S\000E\000E\000D\000\137\000S\000I\000Z\000E}{subsection.4.1.2}% 29
\BOOKMARK [1][-]{section.4.2}{\376\377\0004\000.\0002\000\040\000c\000o\000n\000s\000t\000a\000n\000t\000s\000.\000h}{chapter.4}% 30
\BOOKMARK [1][-]{section.4.3}{\376\377\0004\000.\0003\000\040\000s\000i\000g\000n\000a\000t\000u\000r\000e\000-\000s\000c\000h\000e\000m\000e\000/\000i\000n\000c\000l\000u\000d\000e\000/\000k\000e\000y\000g\000e\000n\000.\000h\000\040\000F\000i\000l\000e\000\040\000R\000e\000f\000e\000r\000e\000n\000c\000e}{chapter.4}% 31
\BOOKMARK [2][-]{subsection.4.3.1}{\376\377\0004\000.\0003\000.\0001\000\040\000D\000e\000t\000a\000i\000l\000e\000d\000\040\000D\000e\000s\000c\000r\000i\000p\000t\000i\000o\000n}{section.4.3}% 32
\BOOKMARK [2][-]{subsection.4.3.2}{\376\377\0004\000.\0003\000.\0002\000\040\000F\000u\000n\000c\000t\000i\000o\000n\000\040\000D\000o\000c\000u\000m\000e\000n\000t\000a\000t\000i\000o\000n}{section.4.3}% 33
\BOOKMARK [3][-]{subsubsection.4.3.2.1}{\376\377\0004\000.\0003\000.\0002\000.\0001\000\040\000c\000r\000e\000a\000t\000e\000\137\000g\000e\000n\000e\000r\000a\000t\000o\000r\000\137\000m\000a\000t\000r\000i\000x\000\137\000f\000r\000o\000m\000\137\000s\000e\000e\000d\000\050\000\051}{subsection.4.3.2}% 34
\BOOKMARK [3][-]{subsubsection.4.3.2.2}{\376\377\0004\000.\0003\000.\0002\000.\0002\000\040\000g\000e\000n\000e\000r\000a\000t\000e\000\137\000k\000e\000y\000s\000\050\000\051}{subsection.4.3.2}% 35
\BOOKMARK [3][-]{subsubsection.4.3.2.3}{\376\377\0004\000.\0003\000.\0002\000.\0003\000\040\000g\000e\000n\000e\000r\000a\000t\000e\000\137\000p\000a\000r\000i\000t\000y\000\137\000c\000h\000e\000c\000k\000\137\000m\000a\000t\000r\000i\000x\000\137\000f\000r\000o\000m\000\137\000s\000e\000e\000d\000\050\000\051}{subsection.4.3.2}% 36
\BOOKMARK [3][-]{subsubsection.4.3.2.4}{\376\377\0004\000.\0003\000.\0002\000.\0004\000\040\000g\000e\000t\000\137\000o\000r\000\137\000g\000e\000n\000e\000r\000a\000t\000e\000\137\000m\000a\000t\000r\000i\000x\000\137\000w\000i\000t\000h\000\137\000s\000e\000e\000d\000\050\000\051}{subsection.4.3.2}% 37
\BOOKMARK [1][-]{section.4.4}{\376\377\0004\000.\0004\000\040\000k\000e\000y\000g\000e\000n\000.\000h}{chapter.4}% 38
\BOOKMARK [1][-]{section.4.5}{\376\377\0004\000.\0005\000\040\000s\000i\000g\000n\000a\000t\000u\000r\000e\000-\000s\000c\000h\000e\000m\000e\000/\000i\000n\000c\000l\000u\000d\000e\000/\000m\000a\000t\000r\000i\000x\000.\000h\000\040\000F\000i\000l\000e\000\040\000R\000e\000f\000e\000r\000e\000n\000c\000e}{chapter.4}% 39
\BOOKMARK [2][-]{subsection.4.5.1}{\376\377\0004\000.\0005\000.\0001\000\040\000D\000e\000t\000a\000i\000l\000e\000d\000\040\000D\000e\000s\000c\000r\000i\000p\000t\000i\000o\000n}{section.4.5}% 40
\BOOKMARK [2][-]{subsection.4.5.2}{\376\377\0004\000.\0005\000.\0002\000\040\000F\000u\000n\000c\000t\000i\000o\000n\000\040\000D\000o\000c\000u\000m\000e\000n\000t\000a\000t\000i\000o\000n}{section.4.5}% 41
\BOOKMARK [3][-]{subsubsection.4.5.2.1}{\376\377\0004\000.\0005\000.\0002\000.\0001\000\040\000m\000a\000k\000e\000\137\000s\000y\000s\000t\000e\000m\000a\000t\000i\000c\000\050\000\051}{subsection.4.5.2}% 42
\BOOKMARK [3][-]{subsubsection.4.5.2.2}{\376\377\0004\000.\0005\000.\0002\000.\0002\000\040\000m\000u\000l\000t\000i\000p\000l\000y\000\137\000m\000a\000t\000r\000i\000c\000e\000s\000\137\000g\000f\0002\000\050\000\051}{subsection.4.5.2}% 43
\BOOKMARK [3][-]{subsubsection.4.5.2.3}{\376\377\0004\000.\0005\000.\0002\000.\0003\000\040\000p\000r\000i\000n\000t\000\137\000m\000a\000t\000r\000i\000x\000\050\000\051}{subsection.4.5.2}% 44
\BOOKMARK [3][-]{subsubsection.4.5.2.4}{\376\377\0004\000.\0005\000.\0002\000.\0004\000\040\000r\000r\000e\000f\000\050\000\051}{subsection.4.5.2}% 45
\BOOKMARK [3][-]{subsubsection.4.5.2.5}{\376\377\0004\000.\0005\000.\0002\000.\0005\000\040\000t\000r\000a\000n\000s\000p\000o\000s\000e\000\137\000m\000a\000t\000r\000i\000x\000\050\000\051}{subsection.4.5.2}% 46
\BOOKMARK [1][-]{section.4.6}{\376\377\0004\000.\0006\000\040\000m\000a\000t\000r\000i\000x\000.\000h}{chapter.4}% 47
\BOOKMARK [1][-]{section.4.7}{\376\377\0004\000.\0007\000\040\000s\000i\000g\000n\000a\000t\000u\000r\000e\000-\000s\000c\000h\000e\000m\000e\000/\000i\000n\000c\000l\000u\000d\000e\000/\000p\000a\000r\000a\000m\000s\000.\000h\000\040\000F\000i\000l\000e\000\040\000R\000e\000f\000e\000r\000e\000n\000c\000e}{chapter.4}% 48
\BOOKMARK [2][-]{subsection.4.7.1}{\376\377\0004\000.\0007\000.\0001\000\040\000D\000e\000t\000a\000i\000l\000e\000d\000\040\000D\000e\000s\000c\000r\000i\000p\000t\000i\000o\000n}{section.4.7}% 49
\BOOKMARK [2][-]{subsection.4.7.2}{\376\377\0004\000.\0007\000.\0002\000\040\000F\000u\000n\000c\000t\000i\000o\000n\000\040\000D\000o\000c\000u\000m\000e\000n\000t\000a\000t\000i\000o\000n}{section.4.7}% 50
\BOOKMARK [3][-]{subsubsection.4.7.2.1}{\376\377\0004\000.\0007\000.\0002\000.\0001\000\040\000g\000e\000t\000\137\000G\0001\000\137\000d\000\050\000\051}{subsection.4.7.2}% 51
\BOOKMARK [3][-]{subsubsection.4.7.2.2}{\376\377\0004\000.\0007\000.\0002\000.\0002\000\040\000g\000e\000t\000\137\000G\0001\000\137\000k\000\050\000\051}{subsection.4.7.2}% 52
\BOOKMARK [3][-]{subsubsection.4.7.2.3}{\376\377\0004\000.\0007\000.\0002\000.\0003\000\040\000g\000e\000t\000\137\000G\0001\000\137\000n\000\050\000\051}{subsection.4.7.2}% 53
\BOOKMARK [3][-]{subsubsection.4.7.2.4}{\376\377\0004\000.\0007\000.\0002\000.\0004\000\040\000g\000e\000t\000\137\000G\0002\000\137\000d\000\050\000\051}{subsection.4.7.2}% 54
\BOOKMARK [3][-]{subsubsection.4.7.2.5}{\376\377\0004\000.\0007\000.\0002\000.\0005\000\040\000g\000e\000t\000\137\000G\0002\000\137\000k\000\050\000\051}{subsection.4.7.2}% 55
\BOOKMARK [3][-]{subsubsection.4.7.2.6}{\376\377\0004\000.\0007\000.\0002\000.\0006\000\040\000g\000e\000t\000\137\000G\0002\000\137\000n\000\050\000\051}{subsection.4.7.2}% 56
\BOOKMARK [3][-]{subsubsection.4.7.2.7}{\376\377\0004\000.\0007\000.\0002\000.\0007\000\040\000g\000e\000t\000\137\000H\000\137\000A\000\137\000d\000\050\000\051}{subsection.4.7.2}% 57
\BOOKMARK [3][-]{subsubsection.4.7.2.8}{\376\377\0004\000.\0007\000.\0002\000.\0008\000\040\000g\000e\000t\000\137\000H\000\137\000A\000\137\000k\000\050\000\051}{subsection.4.7.2}% 58
\BOOKMARK [3][-]{subsubsection.4.7.2.9}{\376\377\0004\000.\0007\000.\0002\000.\0009\000\040\000g\000e\000t\000\137\000H\000\137\000A\000\137\000n\000\050\000\051}{subsection.4.7.2}% 59
\BOOKMARK [3][-]{subsubsection.4.7.2.10}{\376\377\0004\000.\0007\000.\0002\000.\0001\0000\000\040\000g\000e\000t\000\137\000u\000s\000e\000r\000\137\000i\000n\000p\000u\000t\000\050\000\051}{subsection.4.7.2}% 60
\BOOKMARK [3][-]{subsubsection.4.7.2.11}{\376\377\0004\000.\0007\000.\0002\000.\0001\0001\000\040\000g\000e\000t\000\137\000y\000e\000s\000\137\000n\000o\000\137\000i\000n\000p\000u\000t\000\050\000\051}{subsection.4.7.2}% 61
\BOOKMARK [3][-]{subsubsection.4.7.2.12}{\376\377\0004\000.\0007\000.\0002\000.\0001\0002\000\040\000i\000n\000i\000t\000\137\000p\000a\000r\000a\000m\000s\000\050\000\051}{subsection.4.7.2}% 62
\BOOKMARK [3][-]{subsubsection.4.7.2.13}{\376\377\0004\000.\0007\000.\0002\000.\0001\0003\000\040\000r\000a\000n\000d\000o\000m\000\137\000r\000a\000n\000g\000e\000\050\000\051}{subsection.4.7.2}% 63
\BOOKMARK [1][-]{section.4.8}{\376\377\0004\000.\0008\000\040\000p\000a\000r\000a\000m\000s\000.\000h}{chapter.4}% 64
\BOOKMARK [1][-]{section.4.9}{\376\377\0004\000.\0009\000\040\000s\000i\000g\000n\000a\000t\000u\000r\000e\000-\000s\000c\000h\000e\000m\000e\000/\000i\000n\000c\000l\000u\000d\000e\000/\000s\000i\000g\000n\000e\000r\000.\000h\000\040\000F\000i\000l\000e\000\040\000R\000e\000f\000e\000r\000e\000n\000c\000e}{chapter.4}% 65
\BOOKMARK [2][-]{subsection.4.9.1}{\376\377\0004\000.\0009\000.\0001\000\040\000D\000e\000t\000a\000i\000l\000e\000d\000\040\000D\000e\000s\000c\000r\000i\000p\000t\000i\000o\000n}{section.4.9}% 66
\BOOKMARK [2][-]{subsection.4.9.2}{\376\377\0004\000.\0009\000.\0002\000\040\000F\000u\000n\000c\000t\000i\000o\000n\000\040\000D\000o\000c\000u\000m\000e\000n\000t\000a\000t\000i\000o\000n}{section.4.9}% 67
\BOOKMARK [3][-]{subsubsection.4.9.2.1}{\376\377\0004\000.\0009\000.\0002\000.\0001\000\040\000g\000e\000n\000e\000r\000a\000t\000e\000\137\000s\000i\000g\000n\000a\000t\000u\000r\000e\000\050\000\051}{subsection.4.9.2}% 68
\BOOKMARK [1][-]{section.4.10}{\376\377\0004\000.\0001\0000\000\040\000s\000i\000g\000n\000e\000r\000.\000h}{chapter.4}% 69
\BOOKMARK [1][-]{section.4.11}{\376\377\0004\000.\0001\0001\000\040\000s\000i\000g\000n\000a\000t\000u\000r\000e\000-\000s\000c\000h\000e\000m\000e\000/\000i\000n\000c\000l\000u\000d\000e\000/\000u\000t\000i\000l\000s\000.\000h\000\040\000F\000i\000l\000e\000\040\000R\000e\000f\000e\000r\000e\000n\000c\000e}{chapter.4}% 70
\BOOKMARK [2][-]{subsection.4.11.1}{\376\377\0004\000.\0001\0001\000.\0001\000\040\000D\000e\000t\000a\000i\000l\000e\000d\000\040\000D\000e\000s\000c\000r\000i\000p\000t\000i\000o\000n}{section.4.11}% 71
\BOOKMARK [2][-]{subsection.4.11.2}{\376\377\0004\000.\0001\0001\000.\0002\000\040\000F\000u\000n\000c\000t\000i\000o\000n\000\040\000D\000o\000c\000u\000m\000e\000n\000t\000a\000t\000i\000o\000n}{section.4.11}% 72
\BOOKMARK [3][-]{subsubsection.4.11.2.1}{\376\377\0004\000.\0001\0001\000.\0002\000.\0001\000\040\000b\000i\000n\000a\000r\000y\000\137\000e\000n\000t\000r\000o\000p\000y\000\050\000\051}{subsection.4.11.2}% 73
\BOOKMARK [3][-]{subsubsection.4.11.2.2}{\376\377\0004\000.\0001\0001\000.\0002\000.\0002\000\040\000e\000n\000s\000u\000r\000e\000\137\000m\000a\000t\000r\000i\000x\000\137\000c\000a\000c\000h\000e\000\050\000\051}{subsection.4.11.2}% 74
\BOOKMARK [3][-]{subsubsection.4.11.2.3}{\376\377\0004\000.\0001\0001\000.\0002\000.\0003\000\040\000e\000n\000s\000u\000r\000e\000\137\000o\000u\000t\000p\000u\000t\000\137\000d\000i\000r\000e\000c\000t\000o\000r\000y\000\050\000\051}{subsection.4.11.2}% 75
\BOOKMARK [3][-]{subsubsection.4.11.2.4}{\376\377\0004\000.\0001\0001\000.\0002\000.\0004\000\040\000f\000i\000l\000e\000\137\000e\000x\000i\000s\000t\000s\000\050\000\051}{subsection.4.11.2}% 76
\BOOKMARK [3][-]{subsubsection.4.11.2.5}{\376\377\0004\000.\0001\0001\000.\0002\000.\0005\000\040\000g\000e\000n\000e\000r\000a\000t\000e\000\137\000m\000a\000t\000r\000i\000x\000\137\000f\000i\000l\000e\000n\000a\000m\000e\000\050\000\051}{subsection.4.11.2}% 77
\BOOKMARK [3][-]{subsubsection.4.11.2.6}{\376\377\0004\000.\0001\0001\000.\0002\000.\0006\000\040\000g\000e\000n\000e\000r\000a\000t\000e\000\137\000r\000a\000n\000d\000o\000m\000\137\000s\000e\000t\000\050\000\051}{subsection.4.11.2}% 78
\BOOKMARK [3][-]{subsubsection.4.11.2.7}{\376\377\0004\000.\0001\0001\000.\0002\000.\0007\000\040\000g\000e\000n\000e\000r\000a\000t\000e\000\137\000s\000e\000e\000d\000\137\000f\000i\000l\000e\000n\000a\000m\000e\000\050\000\051}{subsection.4.11.2}% 79
\BOOKMARK [3][-]{subsubsection.4.11.2.8}{\376\377\0004\000.\0001\0001\000.\0002\000.\0008\000\040\000l\000o\000a\000d\000\137\000m\000a\000t\000r\000i\000x\000\050\000\051}{subsection.4.11.2}% 80
\BOOKMARK [3][-]{subsubsection.4.11.2.9}{\376\377\0004\000.\0001\0001\000.\0002\000.\0009\000\040\000l\000o\000a\000d\000\137\000p\000a\000r\000a\000m\000s\000\050\000\051}{subsection.4.11.2}% 81
\BOOKMARK [3][-]{subsubsection.4.11.2.10}{\376\377\0004\000.\0001\0001\000.\0002\000.\0001\0000\000\040\000l\000o\000a\000d\000\137\000s\000e\000e\000d\000\050\000\051}{subsection.4.11.2}% 82
\BOOKMARK [3][-]{subsubsection.4.11.2.11}{\376\377\0004\000.\0001\0001\000.\0002\000.\0001\0001\000\040\000n\000o\000r\000m\000a\000l\000i\000z\000e\000\137\000m\000e\000s\000s\000a\000g\000e\000\137\000l\000e\000n\000g\000t\000h\000\050\000\051}{subsection.4.11.2}% 83
\BOOKMARK [3][-]{subsubsection.4.11.2.12}{\376\377\0004\000.\0001\0001\000.\0002\000.\0001\0002\000\040\000r\000e\000a\000d\000\137\000f\000i\000l\000e\000\050\000\051}{subsection.4.11.2}% 84
\BOOKMARK [3][-]{subsubsection.4.11.2.13}{\376\377\0004\000.\0001\0001\000.\0002\000.\0001\0003\000\040\000r\000e\000a\000d\000\137\000f\000i\000l\000e\000\137\000o\000r\000\137\000g\000e\000n\000e\000r\000a\000t\000e\000\050\000\051}{subsection.4.11.2}% 85
\BOOKMARK [3][-]{subsubsection.4.11.2.14}{\376\377\0004\000.\0001\0001\000.\0002\000.\0001\0004\000\040\000s\000a\000v\000e\000\137\000m\000a\000t\000r\000i\000x\000\050\000\051}{subsection.4.11.2}% 86
\BOOKMARK [3][-]{subsubsection.4.11.2.15}{\376\377\0004\000.\0001\0001\000.\0002\000.\0001\0005\000\040\000s\000a\000v\000e\000\137\000s\000e\000e\000d\000\050\000\051}{subsection.4.11.2}% 87
\BOOKMARK [3][-]{subsubsection.4.11.2.16}{\376\377\0004\000.\0001\0001\000.\0002\000.\0001\0006\000\040\000w\000e\000i\000g\000h\000t\000\050\000\051}{subsection.4.11.2}% 88
\BOOKMARK [1][-]{section.4.12}{\376\377\0004\000.\0001\0002\000\040\000u\000t\000i\000l\000s\000.\000h}{chapter.4}% 89
\BOOKMARK [1][-]{section.4.13}{\376\377\0004\000.\0001\0003\000\040\000s\000i\000g\000n\000a\000t\000u\000r\000e\000-\000s\000c\000h\000e\000m\000e\000/\000i\000n\000c\000l\000u\000d\000e\000/\000v\000e\000r\000i\000f\000i\000e\000r\000.\000h\000\040\000F\000i\000l\000e\000\040\000R\000e\000f\000e\000r\000e\000n\000c\000e}{chapter.4}% 90
\BOOKMARK [2][-]{subsection.4.13.1}{\376\377\0004\000.\0001\0003\000.\0001\000\040\000D\000e\000t\000a\000i\000l\000e\000d\000\040\000D\000e\000s\000c\000r\000i\000p\000t\000i\000o\000n}{section.4.13}% 91
\BOOKMARK [2][-]{subsection.4.13.2}{\376\377\0004\000.\0001\0003\000.\0002\000\040\000F\000u\000n\000c\000t\000i\000o\000n\000\040\000D\000o\000c\000u\000m\000e\000n\000t\000a\000t\000i\000o\000n}{section.4.13}% 92
\BOOKMARK [3][-]{subsubsection.4.13.2.1}{\376\377\0004\000.\0001\0003\000.\0002\000.\0001\000\040\000v\000e\000r\000i\000f\000y\000\137\000s\000i\000g\000n\000a\000t\000u\000r\000e\000\050\000\051}{subsection.4.13.2}% 93
\BOOKMARK [1][-]{section.4.14}{\376\377\0004\000.\0001\0004\000\040\000v\000e\000r\000i\000f\000i\000e\000r\000.\000h}{chapter.4}% 94
\BOOKMARK [1][-]{section.4.15}{\376\377\0004\000.\0001\0005\000\040\000s\000i\000g\000n\000a\000t\000u\000r\000e\000-\000s\000c\000h\000e\000m\000e\000/\000s\000r\000c\000/\000k\000e\000y\000g\000e\000n\000.\000c\000\040\000F\000i\000l\000e\000\040\000R\000e\000f\000e\000r\000e\000n\000c\000e}{chapter.4}% 95
\BOOKMARK [2][-]{subsection.4.15.1}{\376\377\0004\000.\0001\0005\000.\0001\000\040\000D\000e\000t\000a\000i\000l\000e\000d\000\040\000D\000e\000s\000c\000r\000i\000p\000t\000i\000o\000n}{section.4.15}% 96
\BOOKMARK [2][-]{subsection.4.15.2}{\376\377\0004\000.\0001\0005\000.\0002\000\040\000F\000u\000n\000c\000t\000i\000o\000n\000\040\000D\000o\000c\000u\000m\000e\000n\000t\000a\000t\000i\000o\000n}{section.4.15}% 97
\BOOKMARK [3][-]{subsubsection.4.15.2.1}{\376\377\0004\000.\0001\0005\000.\0002\000.\0001\000\040\000c\000r\000e\000a\000t\000e\000\137\000g\000e\000n\000e\000r\000a\000t\000o\000r\000\137\000m\000a\000t\000r\000i\000x\000\050\000\051}{subsection.4.15.2}% 98
\BOOKMARK [3][-]{subsubsection.4.15.2.2}{\376\377\0004\000.\0001\0005\000.\0002\000.\0002\000\040\000c\000r\000e\000a\000t\000e\000\137\000g\000e\000n\000e\000r\000a\000t\000o\000r\000\137\000m\000a\000t\000r\000i\000x\000\137\000f\000r\000o\000m\000\137\000s\000e\000e\000d\000\050\000\051}{subsection.4.15.2}% 99
\BOOKMARK [3][-]{subsubsection.4.15.2.3}{\376\377\0004\000.\0001\0005\000.\0002\000.\0003\000\040\000g\000e\000n\000e\000r\000a\000t\000e\000\137\000k\000e\000y\000s\000\050\000\051}{subsection.4.15.2}% 100
\BOOKMARK [3][-]{subsubsection.4.15.2.4}{\376\377\0004\000.\0001\0005\000.\0002\000.\0004\000\040\000g\000e\000n\000e\000r\000a\000t\000e\000\137\000p\000a\000r\000i\000t\000y\000\137\000c\000h\000e\000c\000k\000\137\000m\000a\000t\000r\000i\000x\000\050\000\051}{subsection.4.15.2}% 101
\BOOKMARK [3][-]{subsubsection.4.15.2.5}{\376\377\0004\000.\0001\0005\000.\0002\000.\0005\000\040\000g\000e\000n\000e\000r\000a\000t\000e\000\137\000p\000a\000r\000i\000t\000y\000\137\000c\000h\000e\000c\000k\000\137\000m\000a\000t\000r\000i\000x\000\137\000f\000r\000o\000m\000\137\000s\000e\000e\000d\000\050\000\051}{subsection.4.15.2}% 102
\BOOKMARK [3][-]{subsubsection.4.15.2.6}{\376\377\0004\000.\0001\0005\000.\0002\000.\0006\000\040\000g\000e\000n\000e\000r\000a\000t\000e\000\137\000r\000a\000n\000d\000o\000m\000\137\000s\000e\000e\000d\000\050\000\051}{subsection.4.15.2}% 103
\BOOKMARK [3][-]{subsubsection.4.15.2.7}{\376\377\0004\000.\0001\0005\000.\0002\000.\0007\000\040\000g\000e\000t\000\137\000o\000r\000\137\000g\000e\000n\000e\000r\000a\000t\000e\000\137\000m\000a\000t\000r\000i\000x\000\137\000w\000i\000t\000h\000\137\000s\000e\000e\000d\000\050\000\051}{subsection.4.15.2}% 104
\BOOKMARK [1][-]{section.4.16}{\376\377\0004\000.\0001\0006\000\040\000s\000i\000g\000n\000a\000t\000u\000r\000e\000-\000s\000c\000h\000e\000m\000e\000/\000s\000r\000c\000/\000m\000a\000i\000n\000.\000c\000\040\000F\000i\000l\000e\000\040\000R\000e\000f\000e\000r\000e\000n\000c\000e}{chapter.4}% 105
\BOOKMARK [2][-]{subsection.4.16.1}{\376\377\0004\000.\0001\0006\000.\0001\000\040\000D\000e\000t\000a\000i\000l\000e\000d\000\040\000D\000e\000s\000c\000r\000i\000p\000t\000i\000o\000n}{section.4.16}% 106
\BOOKMARK [2][-]{subsection.4.16.2}{\376\377\0004\000.\0001\0006\000.\0002\000\040\000F\000u\000n\000c\000t\000i\000o\000n\000\040\000D\000o\000c\000u\000m\000e\000n\000t\000a\000t\000i\000o\000n}{section.4.16}% 107
\BOOKMARK [3][-]{subsubsection.4.16.2.1}{\376\377\0004\000.\0001\0006\000.\0002\000.\0001\000\040\000k\000e\000y\000g\000e\000n\000\050\000\051}{subsection.4.16.2}% 108
\BOOKMARK [3][-]{subsubsection.4.16.2.2}{\376\377\0004\000.\0001\0006\000.\0002\000.\0002\000\040\000m\000a\000i\000n\000\050\000\051}{subsection.4.16.2}% 109
\BOOKMARK [3][-]{subsubsection.4.16.2.3}{\376\377\0004\000.\0001\0006\000.\0002\000.\0003\000\040\000s\000i\000g\000n\000\050\000\051}{subsection.4.16.2}% 110
\BOOKMARK [3][-]{subsubsection.4.16.2.4}{\376\377\0004\000.\0001\0006\000.\0002\000.\0004\000\040\000v\000e\000r\000i\000f\000y\000\050\000\051}{subsection.4.16.2}% 111
\BOOKMARK [1][-]{section.4.17}{\376\377\0004\000.\0001\0007\000\040\000s\000i\000g\000n\000a\000t\000u\000r\000e\000-\000s\000c\000h\000e\000m\000e\000/\000s\000r\000c\000/\000m\000a\000t\000r\000i\000x\000.\000c\000\040\000F\000i\000l\000e\000\040\000R\000e\000f\000e\000r\000e\000n\000c\000e}{chapter.4}% 112
\BOOKMARK [2][-]{subsection.4.17.1}{\376\377\0004\000.\0001\0007\000.\0001\000\040\000D\000e\000t\000a\000i\000l\000e\000d\000\040\000D\000e\000s\000c\000r\000i\000p\000t\000i\000o\000n}{section.4.17}% 113
\BOOKMARK [2][-]{subsection.4.17.2}{\376\377\0004\000.\0001\0007\000.\0002\000\040\000F\000u\000n\000c\000t\000i\000o\000n\000\040\000D\000o\000c\000u\000m\000e\000n\000t\000a\000t\000i\000o\000n}{section.4.17}% 114
\BOOKMARK [3][-]{subsubsection.4.17.2.1}{\376\377\0004\000.\0001\0007\000.\0002\000.\0001\000\040\000m\000a\000k\000e\000\137\000s\000y\000s\000t\000e\000m\000a\000t\000i\000c\000\050\000\051}{subsection.4.17.2}% 115
\BOOKMARK [3][-]{subsubsection.4.17.2.2}{\376\377\0004\000.\0001\0007\000.\0002\000.\0002\000\040\000m\000u\000l\000t\000i\000p\000l\000y\000\137\000m\000a\000t\000r\000i\000c\000e\000s\000\137\000g\000f\0002\000\050\000\051}{subsection.4.17.2}% 116
\BOOKMARK [3][-]{subsubsection.4.17.2.3}{\376\377\0004\000.\0001\0007\000.\0002\000.\0003\000\040\000p\000r\000i\000n\000t\000\137\000m\000a\000t\000r\000i\000x\000\050\000\051}{subsection.4.17.2}% 117
\BOOKMARK [3][-]{subsubsection.4.17.2.4}{\376\377\0004\000.\0001\0007\000.\0002\000.\0004\000\040\000r\000r\000e\000f\000\050\000\051}{subsection.4.17.2}% 118
\BOOKMARK [3][-]{subsubsection.4.17.2.5}{\376\377\0004\000.\0001\0007\000.\0002\000.\0005\000\040\000s\000w\000a\000p\000\137\000c\000o\000l\000u\000m\000n\000s\000\050\000\051}{subsection.4.17.2}% 119
\BOOKMARK [3][-]{subsubsection.4.17.2.6}{\376\377\0004\000.\0001\0007\000.\0002\000.\0006\000\040\000t\000r\000a\000n\000s\000p\000o\000s\000e\000\137\000m\000a\000t\000r\000i\000x\000\050\000\051}{subsection.4.17.2}% 120
\BOOKMARK [1][-]{section.4.18}{\376\377\0004\000.\0001\0008\000\040\000s\000i\000g\000n\000a\000t\000u\000r\000e\000-\000s\000c\000h\000e\000m\000e\000/\000s\000r\000c\000/\000p\000a\000r\000a\000m\000s\000.\000c\000\040\000F\000i\000l\000e\000\040\000R\000e\000f\000e\000r\000e\000n\000c\000e}{chapter.4}% 121
\BOOKMARK [2][-]{subsection.4.18.1}{\376\377\0004\000.\0001\0008\000.\0001\000\040\000D\000e\000t\000a\000i\000l\000e\000d\000\040\000D\000e\000s\000c\000r\000i\000p\000t\000i\000o\000n}{section.4.18}% 122
\BOOKMARK [2][-]{subsection.4.18.2}{\376\377\0004\000.\0001\0008\000.\0002\000\040\000F\000u\000n\000c\000t\000i\000o\000n\000\040\000D\000o\000c\000u\000m\000e\000n\000t\000a\000t\000i\000o\000n}{section.4.18}% 123
\BOOKMARK [3][-]{subsubsection.4.18.2.1}{\376\377\0004\000.\0001\0008\000.\0002\000.\0001\000\040\000g\000e\000n\000e\000r\000a\000t\000e\000\137\000r\000a\000n\000d\000o\000m\000\137\000p\000a\000r\000a\000m\000s\000\050\000\051}{subsection.4.18.2}% 124
\BOOKMARK [3][-]{subsubsection.4.18.2.2}{\376\377\0004\000.\0001\0008\000.\0002\000.\0002\000\040\000g\000e\000t\000\137\000G\0001\000\137\000d\000\050\000\051}{subsection.4.18.2}% 125
\BOOKMARK [3][-]{subsubsection.4.18.2.3}{\376\377\0004\000.\0001\0008\000.\0002\000.\0003\000\040\000g\000e\000t\000\137\000G\0001\000\137\000k\000\050\000\051}{subsection.4.18.2}% 126
\BOOKMARK [3][-]{subsubsection.4.18.2.4}{\376\377\0004\000.\0001\0008\000.\0002\000.\0004\000\040\000g\000e\000t\000\137\000G\0001\000\137\000n\000\050\000\051}{subsection.4.18.2}% 127
\BOOKMARK [3][-]{subsubsection.4.18.2.5}{\376\377\0004\000.\0001\0008\000.\0002\000.\0005\000\040\000g\000e\000t\000\137\000G\0002\000\137\000d\000\050\000\051}{subsection.4.18.2}% 128
\BOOKMARK [3][-]{subsubsection.4.18.2.6}{\376\377\0004\000.\0001\0008\000.\0002\000.\0006\000\040\000g\000e\000t\000\137\000G\0002\000\137\000k\000\050\000\051}{subsection.4.18.2}% 129
\BOOKMARK [3][-]{subsubsection.4.18.2.7}{\376\377\0004\000.\0001\0008\000.\0002\000.\0007\000\040\000g\000e\000t\000\137\000G\0002\000\137\000n\000\050\000\051}{subsection.4.18.2}% 130
\BOOKMARK [3][-]{subsubsection.4.18.2.8}{\376\377\0004\000.\0001\0008\000.\0002\000.\0008\000\040\000g\000e\000t\000\137\000H\000\137\000A\000\137\000d\000\050\000\051}{subsection.4.18.2}% 131
\BOOKMARK [3][-]{subsubsection.4.18.2.9}{\376\377\0004\000.\0001\0008\000.\0002\000.\0009\000\040\000g\000e\000t\000\137\000H\000\137\000A\000\137\000k\000\050\000\051}{subsection.4.18.2}% 132
\BOOKMARK [3][-]{subsubsection.4.18.2.10}{\376\377\0004\000.\0001\0008\000.\0002\000.\0001\0000\000\040\000g\000e\000t\000\137\000H\000\137\000A\000\137\000n\000\050\000\051}{subsection.4.18.2}% 133
\BOOKMARK [3][-]{subsubsection.4.18.2.11}{\376\377\0004\000.\0001\0008\000.\0002\000.\0001\0001\000\040\000g\000e\000t\000\137\000p\000a\000r\000a\000m\000\137\000i\000n\000p\000u\000t\000\050\000\051}{subsection.4.18.2}% 134
\BOOKMARK [3][-]{subsubsection.4.18.2.12}{\376\377\0004\000.\0001\0008\000.\0002\000.\0001\0002\000\040\000g\000e\000t\000\137\000u\000s\000e\000r\000\137\000i\000n\000p\000u\000t\000\050\000\051}{subsection.4.18.2}% 135
\BOOKMARK [3][-]{subsubsection.4.18.2.13}{\376\377\0004\000.\0001\0008\000.\0002\000.\0001\0003\000\040\000g\000e\000t\000\137\000y\000e\000s\000\137\000n\000o\000\137\000i\000n\000p\000u\000t\000\050\000\051}{subsection.4.18.2}% 136
\BOOKMARK [3][-]{subsubsection.4.18.2.14}{\376\377\0004\000.\0001\0008\000.\0002\000.\0001\0004\000\040\000i\000n\000i\000t\000\137\000p\000a\000r\000a\000m\000s\000\050\000\051}{subsection.4.18.2}% 137
\BOOKMARK [3][-]{subsubsection.4.18.2.15}{\376\377\0004\000.\0001\0008\000.\0002\000.\0001\0005\000\040\000r\000a\000n\000d\000o\000m\000\137\000r\000a\000n\000g\000e\000\050\000\051}{subsection.4.18.2}% 138
\BOOKMARK [2][-]{subsection.4.18.3}{\376\377\0004\000.\0001\0008\000.\0003\000\040\000V\000a\000r\000i\000a\000b\000l\000e\000\040\000D\000o\000c\000u\000m\000e\000n\000t\000a\000t\000i\000o\000n}{section.4.18}% 139
\BOOKMARK [3][-]{subsubsection.4.18.3.1}{\376\377\0004\000.\0001\0008\000.\0003\000.\0001\000\040\000G\0001}{subsection.4.18.3}% 140
\BOOKMARK [3][-]{subsubsection.4.18.3.2}{\376\377\0004\000.\0001\0008\000.\0003\000.\0002\000\040\000G\0002}{subsection.4.18.3}% 141
\BOOKMARK [3][-]{subsubsection.4.18.3.3}{\376\377\0004\000.\0001\0008\000.\0003\000.\0003\000\040\000H\000\137\000A}{subsection.4.18.3}% 142
\BOOKMARK [3][-]{subsubsection.4.18.3.4}{\376\377\0004\000.\0001\0008\000.\0003\000.\0004\000\040\000M\000E\000S\000S\000A\000G\000E}{subsection.4.18.3}% 143
\BOOKMARK [3][-]{subsubsection.4.18.3.5}{\376\377\0004\000.\0001\0008\000.\0003\000.\0005\000\040\000M\000E\000S\000S\000A\000G\000E\000\137\000L\000E\000N}{subsection.4.18.3}% 144
\BOOKMARK [1][-]{section.4.19}{\376\377\0004\000.\0001\0009\000\040\000s\000i\000g\000n\000a\000t\000u\000r\000e\000-\000s\000c\000h\000e\000m\000e\000/\000s\000r\000c\000/\000s\000i\000g\000n\000e\000r\000.\000c\000\040\000F\000i\000l\000e\000\040\000R\000e\000f\000e\000r\000e\000n\000c\000e}{chapter.4}% 145
\BOOKMARK [2][-]{subsection.4.19.1}{\376\377\0004\000.\0001\0009\000.\0001\000\040\000D\000e\000t\000a\000i\000l\000e\000d\000\040\000D\000e\000s\000c\000r\000i\000p\000t\000i\000o\000n}{section.4.19}% 146
\BOOKMARK [2][-]{subsection.4.19.2}{\376\377\0004\000.\0001\0009\000.\0002\000\040\000F\000u\000n\000c\000t\000i\000o\000n\000\040\000D\000o\000c\000u\000m\000e\000n\000t\000a\000t\000i\000o\000n}{section.4.19}% 147
\BOOKMARK [3][-]{subsubsection.4.19.2.1}{\376\377\0004\000.\0001\0009\000.\0002\000.\0001\000\040\000g\000e\000n\000e\000r\000a\000t\000e\000\137\000s\000i\000g\000n\000a\000t\000u\000r\000e\000\050\000\051}{subsection.4.19.2}% 148
\BOOKMARK [1][-]{section.4.20}{\376\377\0004\000.\0002\0000\000\040\000s\000i\000g\000n\000a\000t\000u\000r\000e\000-\000s\000c\000h\000e\000m\000e\000/\000s\000r\000c\000/\000u\000t\000i\000l\000s\000.\000c\000\040\000F\000i\000l\000e\000\040\000R\000e\000f\000e\000r\000e\000n\000c\000e}{chapter.4}% 149
\BOOKMARK [2][-]{subsection.4.20.1}{\376\377\0004\000.\0002\0000\000.\0001\000\040\000D\000e\000t\000a\000i\000l\000e\000d\000\040\000D\000e\000s\000c\000r\000i\000p\000t\000i\000o\000n}{section.4.20}% 150
\BOOKMARK [2][-]{subsection.4.20.2}{\376\377\0004\000.\0002\0000\000.\0002\000\040\000F\000u\000n\000c\000t\000i\000o\000n\000\040\000D\000o\000c\000u\000m\000e\000n\000t\000a\000t\000i\000o\000n}{section.4.20}% 151
\BOOKMARK [3][-]{subsubsection.4.20.2.1}{\376\377\0004\000.\0002\0000\000.\0002\000.\0001\000\040\000b\000i\000n\000a\000r\000y\000\137\000e\000n\000t\000r\000o\000p\000y\000\050\000\051}{subsection.4.20.2}% 152
\BOOKMARK [3][-]{subsubsection.4.20.2.2}{\376\377\0004\000.\0002\0000\000.\0002\000.\0002\000\040\000c\000o\000m\000p\000a\000r\000e\000\137\000i\000n\000t\000s\000\050\000\051}{subsection.4.20.2}% 153
\BOOKMARK [3][-]{subsubsection.4.20.2.3}{\376\377\0004\000.\0002\0000\000.\0002\000.\0003\000\040\000e\000n\000s\000u\000r\000e\000\137\000m\000a\000t\000r\000i\000x\000\137\000c\000a\000c\000h\000e\000\050\000\051}{subsection.4.20.2}% 154
\BOOKMARK [3][-]{subsubsection.4.20.2.4}{\376\377\0004\000.\0002\0000\000.\0002\000.\0004\000\040\000e\000n\000s\000u\000r\000e\000\137\000o\000u\000t\000p\000u\000t\000\137\000d\000i\000r\000e\000c\000t\000o\000r\000y\000\050\000\051}{subsection.4.20.2}% 155
\BOOKMARK [3][-]{subsubsection.4.20.2.5}{\376\377\0004\000.\0002\0000\000.\0002\000.\0005\000\040\000f\000i\000l\000e\000\137\000e\000x\000i\000s\000t\000s\000\050\000\051}{subsection.4.20.2}% 156
\BOOKMARK [3][-]{subsubsection.4.20.2.6}{\376\377\0004\000.\0002\0000\000.\0002\000.\0006\000\040\000g\000e\000n\000e\000r\000a\000t\000e\000\137\000m\000a\000t\000r\000i\000x\000\137\000f\000i\000l\000e\000n\000a\000m\000e\000\050\000\051}{subsection.4.20.2}% 157
\BOOKMARK [3][-]{subsubsection.4.20.2.7}{\376\377\0004\000.\0002\0000\000.\0002\000.\0007\000\040\000g\000e\000n\000e\000r\000a\000t\000e\000\137\000r\000a\000n\000d\000o\000m\000\137\000s\000e\000t\000\050\000\051}{subsection.4.20.2}% 158
\BOOKMARK [3][-]{subsubsection.4.20.2.8}{\376\377\0004\000.\0002\0000\000.\0002\000.\0008\000\040\000g\000e\000n\000e\000r\000a\000t\000e\000\137\000s\000e\000e\000d\000\137\000f\000i\000l\000e\000n\000a\000m\000e\000\050\000\051}{subsection.4.20.2}% 159
\BOOKMARK [3][-]{subsubsection.4.20.2.9}{\376\377\0004\000.\0002\0000\000.\0002\000.\0009\000\040\000l\000o\000a\000d\000\137\000m\000a\000t\000r\000i\000x\000\050\000\051}{subsection.4.20.2}% 160
\BOOKMARK [3][-]{subsubsection.4.20.2.10}{\376\377\0004\000.\0002\0000\000.\0002\000.\0001\0000\000\040\000l\000o\000a\000d\000\137\000p\000a\000r\000a\000m\000s\000\050\000\051}{subsection.4.20.2}% 161
\BOOKMARK [3][-]{subsubsection.4.20.2.11}{\376\377\0004\000.\0002\0000\000.\0002\000.\0001\0001\000\040\000l\000o\000a\000d\000\137\000s\000e\000e\000d\000\050\000\051}{subsection.4.20.2}% 162
\BOOKMARK [3][-]{subsubsection.4.20.2.12}{\376\377\0004\000.\0002\0000\000.\0002\000.\0001\0002\000\040\000n\000o\000r\000m\000a\000l\000i\000z\000e\000\137\000m\000e\000s\000s\000a\000g\000e\000\137\000l\000e\000n\000g\000t\000h\000\050\000\051}{subsection.4.20.2}% 163
\BOOKMARK [3][-]{subsubsection.4.20.2.13}{\376\377\0004\000.\0002\0000\000.\0002\000.\0001\0003\000\040\000r\000e\000a\000d\000\137\000f\000i\000l\000e\000\050\000\051}{subsection.4.20.2}% 164
\BOOKMARK [3][-]{subsubsection.4.20.2.14}{\376\377\0004\000.\0002\0000\000.\0002\000.\0001\0004\000\040\000r\000e\000a\000d\000\137\000f\000i\000l\000e\000\137\000o\000r\000\137\000g\000e\000n\000e\000r\000a\000t\000e\000\050\000\051}{subsection.4.20.2}% 165
\BOOKMARK [3][-]{subsubsection.4.20.2.15}{\376\377\0004\000.\0002\0000\000.\0002\000.\0001\0005\000\040\000s\000a\000v\000e\000\137\000m\000a\000t\000r\000i\000x\000\050\000\051}{subsection.4.20.2}% 166
\BOOKMARK [3][-]{subsubsection.4.20.2.16}{\376\377\0004\000.\0002\0000\000.\0002\000.\0001\0006\000\040\000s\000a\000v\000e\000\137\000s\000e\000e\000d\000\050\000\051}{subsection.4.20.2}% 167
\BOOKMARK [3][-]{subsubsection.4.20.2.17}{\376\377\0004\000.\0002\0000\000.\0002\000.\0001\0007\000\040\000w\000e\000i\000g\000h\000t\000\050\000\051}{subsection.4.20.2}% 168
\BOOKMARK [1][-]{section.4.21}{\376\377\0004\000.\0002\0001\000\040\000s\000i\000g\000n\000a\000t\000u\000r\000e\000-\000s\000c\000h\000e\000m\000e\000/\000s\000r\000c\000/\000v\000e\000r\000i\000f\000i\000e\000r\000.\000c\000\040\000F\000i\000l\000e\000\040\000R\000e\000f\000e\000r\000e\000n\000c\000e}{chapter.4}% 169
\BOOKMARK [2][-]{subsection.4.21.1}{\376\377\0004\000.\0002\0001\000.\0001\000\040\000D\000e\000t\000a\000i\000l\000e\000d\000\040\000D\000e\000s\000c\000r\000i\000p\000t\000i\000o\000n}{section.4.21}% 170
\BOOKMARK [2][-]{subsection.4.21.2}{\376\377\0004\000.\0002\0001\000.\0002\000\040\000F\000u\000n\000c\000t\000i\000o\000n\000\040\000D\000o\000c\000u\000m\000e\000n\000t\000a\000t\000i\000o\000n}{section.4.21}% 171
\BOOKMARK [3][-]{subsubsection.4.21.2.1}{\376\377\0004\000.\0002\0001\000.\0002\000.\0001\000\040\000v\000e\000r\000i\000f\000y\000\137\000s\000i\000g\000n\000a\000t\000u\000r\000e\000\050\000\051}{subsection.4.21.2}% 172
